# JRE version: Java(TM) SE Runtime Environment (8.0_111-b14) (build 1.8.0_111-b14)
# Java VM: Java HotSpot(TM) 64-Bit Server VM (25.111-b14 mixed mode windows-amd64 compressed oops)
Heap:
 PSYoungGen      total 106496K, used 83175K [0x00000000d5e00000, 0x00000000df600000, 0x0000000100000000)
  eden space 95232K, 75% used [0x00000000d5e00000,0x00000000da44ae48,0x00000000dbb00000)
  from space 11264K, 99% used [0x00000000deb00000,0x00000000df5ef138,0x00000000df600000)
  to   space 12800K, 0% used [0x00000000ddd00000,0x00000000ddd00000,0x00000000de980000)
 ParOldGen       total 72704K, used 13780K [0x0000000081a00000, 0x0000000086100000, 0x00000000d5e00000)
  object space 72704K, 18% used [0x0000000081a00000,0x00000000827751e0,0x0000000086100000)
 Metaspace       used 25739K, capacity 26286K, committed 26496K, reserved 1073152K
  class space    used 3008K, capacity 3173K, committed 3200K, reserved 1048576K
GC Heap History (10 events):
Event: 2.483 GC heap before
{Heap before GC invocations=3 (full 0):
 PSYoungGen      total 38400K, used 38376K [0x00000000d5e00000, 0x00000000da900000, 0x0000000100000000)
  eden space 33280K, 100% used [0x00000000d5e00000,0x00000000d7e80000,0x00000000d7e80000)
  from space 5120K, 99% used [0x00000000d8380000,0x00000000d887a068,0x00000000d8880000)
  to   space 5120K, 0% used [0x00000000d7e80000,0x00000000d7e80000,0x00000000d8380000)
 ParOldGen       total 87552K, used 2449K [0x0000000081a00000, 0x0000000086f80000, 0x00000000d5e00000)
  object space 87552K, 2% used [0x0000000081a00000,0x0000000081c646c8,0x0000000086f80000)
 Metaspace       used 15193K, capacity 15400K, committed 15616K, reserved 1062912K
  class space    used 1838K, capacity 1940K, committed 2048K, reserved 1048576K
Event: 2.496 GC heap after
Heap after GC invocations=3 (full 0):
 PSYoungGen      total 38400K, used 5088K [0x00000000d5e00000, 0x00000000da900000, 0x0000000100000000)
  eden space 33280K, 0% used [0x00000000d5e00000,0x00000000d5e00000,0x00000000d7e80000)
  from space 5120K, 99% used [0x00000000d7e80000,0x00000000d8378020,0x00000000d8380000)
  to   space 5120K, 0% used [0x00000000da400000,0x00000000da400000,0x00000000da900000)
 ParOldGen       total 87552K, used 5815K [0x0000000081a00000, 0x0000000086f80000, 0x00000000d5e00000)
  object space 87552K, 6% used [0x0000000081a00000,0x0000000081fadf70,0x0000000086f80000)
 Metaspace       used 15193K, capacity 15400K, committed 15616K, reserved 1062912K
  class space    used 1838K, capacity 1940K, committed 2048K, reserved 1048576K
}
Event: 3.203 GC heap before
{Heap before GC invocations=4 (full 0):
 PSYoungGen      total 38400K, used 38368K [0x00000000d5e00000, 0x00000000da900000, 0x0000000100000000)
  eden space 33280K, 100% used [0x00000000d5e00000,0x00000000d7e80000,0x00000000d7e80000)
  from space 5120K, 99% used [0x00000000d7e80000,0x00000000d8378020,0x00000000d8380000)
  to   space 5120K, 0% used [0x00000000da400000,0x00000000da400000,0x00000000da900000)
 ParOldGen       total 87552K, used 5815K [0x0000000081a00000, 0x0000000086f80000, 0x00000000d5e00000)
  object space 87552K, 6% used [0x0000000081a00000,0x0000000081fadf70,0x0000000086f80000)
 Metaspace       used 15601K, capacity 15802K, committed 16128K, reserved 1062912K
  class space    used 1861K, capacity 1943K, committed 2048K, reserved 1048576K
Event: 3.215 GC heap after
Heap after GC invocations=4 (full 0):
 PSYoungGen      total 71680K, used 5104K [0x00000000d5e00000, 0x00000000da900000, 0x0000000100000000)
  eden space 66560K, 0% used [0x00000000d5e00000,0x00000000d5e00000,0x00000000d9f00000)
  from space 5120K, 99% used [0x00000000da400000,0x00000000da8fc010,0x00000000da900000)
  to   space 5120K, 0% used [0x00000000d9f00000,0x00000000d9f00000,0x00000000da400000)
 ParOldGen       total 87552K, used 8764K [0x0000000081a00000, 0x0000000086f80000, 0x00000000d5e00000)
  object space 87552K, 10% used [0x0000000081a00000,0x000000008228f308,0x0000000086f80000)
 Metaspace       used 15601K, capacity 15802K, committed 16128K, reserved 1062912K
  class space    used 1861K, capacity 1943K, committed 2048K, reserved 1048576K
}
Event: 4.463 GC heap before
{Heap before GC invocations=5 (full 0):
 PSYoungGen      total 71680K, used 64703K [0x00000000d5e00000, 0x00000000da900000, 0x0000000100000000)
  eden space 66560K, 89% used [0x00000000d5e00000,0x00000000d9833f88,0x00000000d9f00000)
  from space 5120K, 99% used [0x00000000da400000,0x00000000da8fc010,0x00000000da900000)
  to   space 5120K, 0% used [0x00000000d9f00000,0x00000000d9f00000,0x00000000da400000)
 ParOldGen       total 87552K, used 8764K [0x0000000081a00000, 0x0000000086f80000, 0x00000000d5e00000)
  object space 87552K, 10% used [0x0000000081a00000,0x000000008228f308,0x0000000086f80000)
 Metaspace       used 20582K, capacity 21060K, committed 21296K, reserved 1069056K
  class space    used 2464K, capacity 2610K, committed 2688K, reserved 1048576K
Event: 4.478 GC heap after
Heap after GC invocations=5 (full 0):
 PSYoungGen      total 71680K, used 5104K [0x00000000d5e00000, 0x00000000df600000, 0x0000000100000000)
  eden space 66560K, 0% used [0x00000000d5e00000,0x00000000d5e00000,0x00000000d9f00000)
  from space 5120K, 99% used [0x00000000d9f00000,0x00000000da3fc010,0x00000000da400000)
  to   space 11264K, 0% used [0x00000000deb00000,0x00000000deb00000,0x00000000df600000)
 ParOldGen       total 87552K, used 13751K [0x0000000081a00000, 0x0000000086f80000, 0x00000000d5e00000)
  object space 87552K, 15% used [0x0000000081a00000,0x000000008276de68,0x0000000086f80000)
 Metaspace       used 20582K, capacity 21060K, committed 21296K, reserved 1069056K
  class space    used 2464K, capacity 2610K, committed 2688K, reserved 1048576K
}
Event: 4.478 GC heap before
{Heap before GC invocations=6 (full 1):
 PSYoungGen      total 71680K, used 5104K [0x00000000d5e00000, 0x00000000df600000, 0x0000000100000000)
  eden space 66560K, 0% used [0x00000000d5e00000,0x00000000d5e00000,0x00000000d9f00000)
  from space 5120K, 99% used [0x00000000d9f00000,0x00000000da3fc010,0x00000000da400000)
  to   space 11264K, 0% used [0x00000000deb00000,0x00000000deb00000,0x00000000df600000)
 ParOldGen       total 87552K, used 13751K [0x0000000081a00000, 0x0000000086f80000, 0x00000000d5e00000)
  object space 87552K, 15% used [0x0000000081a00000,0x000000008276de68,0x0000000086f80000)
 Metaspace       used 20582K, capacity 21060K, committed 21296K, reserved 1069056K
  class space    used 2464K, capacity 2610K, committed 2688K, reserved 1048576K
Event: 4.553 GC heap after
Heap after GC invocations=6 (full 1):
 PSYoungGen      total 71680K, used 0K [0x00000000d5e00000, 0x00000000df600000, 0x0000000100000000)
  eden space 66560K, 0% used [0x00000000d5e00000,0x00000000d5e00000,0x00000000d9f00000)
  from space 5120K, 0% used [0x00000000d9f00000,0x00000000d9f00000,0x00000000da400000)
  to   space 11264K, 0% used [0x00000000deb00000,0x00000000deb00000,0x00000000df600000)
 ParOldGen       total 72704K, used 13772K [0x0000000081a00000, 0x0000000086100000, 0x00000000d5e00000)
  object space 72704K, 18% used [0x0000000081a00000,0x00000000827731e0,0x0000000086100000)
 Metaspace       used 20582K, capacity 21060K, committed 21296K, reserved 1069056K
  class space    used 2464K, capacity 2610K, committed 2688K, reserved 1048576K
}
Event: 6.643 GC heap before
{Heap before GC invocations=7 (full 1):
 PSYoungGen      total 71680K, used 66560K [0x00000000d5e00000, 0x00000000df600000, 0x0000000100000000)
  eden space 66560K, 100% used [0x00000000d5e00000,0x00000000d9f00000,0x00000000d9f00000)
  from space 5120K, 0% used [0x00000000d9f00000,0x00000000d9f00000,0x00000000da400000)
  to   space 11264K, 0% used [0x00000000deb00000,0x00000000deb00000,0x00000000df600000)
 ParOldGen       total 72704K, used 13772K [0x0000000081a00000, 0x0000000086100000, 0x00000000d5e00000)
  object space 72704K, 18% used [0x0000000081a00000,0x00000000827731e0,0x0000000086100000)
 Metaspace       used 23031K, capacity 23568K, committed 23936K, reserved 1071104K
  class space    used 2730K, capacity 2849K, committed 2944K, reserved 1048576K
Event: 6.669 GC heap after
Heap after GC invocations=7 (full 1):
 PSYoungGen      total 106496K, used 11196K [0x00000000d5e00000, 0x00000000df600000, 0x0000000100000000)
  eden space 95232K, 0% used [0x00000000d5e00000,0x00000000d5e00000,0x00000000dbb00000)
  from space 11264K, 99% used [0x00000000deb00000,0x00000000df5ef138,0x00000000df600000)
  to   space 12800K, 0% used [0x00000000ddd00000,0x00000000ddd00000,0x00000000de980000)
 ParOldGen       total 72704K, used 13780K [0x0000000081a00000, 0x0000000086100000, 0x00000000d5e00000)
  object space 72704K, 18% used [0x0000000081a00000,0x00000000827751e0,0x0000000086100000)
 Metaspace       used 23031K, capacity 23568K, committed 23936K, reserved 1071104K
  class space    used 2730K, capacity 2849K, committed 2944K, reserved 1048576K
}

