<?xml version="1.0" encoding="UTF-8" ?>
<testsuite tests="4" failures="0" name="SimpleParseDateTest" time="0.254" errors="0" skipped="0">
  <properties>
[...]
</properties>
  <testcase classname="SimpleParseDateTest" name="testJodaTime" time="0.127"/>
  <testcase classname="SimpleParseDateTest" name="testDateParse" time="0.032"/>
  <testcase classname="SimpleParseDateTest" name="testDateUtils" time="0.017"/>
  <testcase classname="SimpleParseDateTest" name="testSimpleDateTimeParse" time="0.078"/>
</testsuite>